<?xml version="1.0" encoding="UTF-8"?>
<!-- Generated by org.testng.reporters.JUnitReportReporter -->
<testsuite skipped="0" hostname="DESKTOP-G1S3F1T" name="com.Project1.TestCases.VisitWebsitePage" tests="1" failures="0" timestamp="2021-06-22T21:22:05 MST" time="133.113" errors="0">
  <testcase name="visitWebsitePage" time="133.113" classname="com.Project1.TestCases.VisitWebsitePage"/>
  <system-out/>
</testsuite> <!-- com.Project1.TestCases.VisitWebsitePage -->
